#
# There is insufficient memory for the Java Runtime Environment to continue.
# Native memory allocation (malloc) failed to allocate 1414416 bytes for Chunk::new
# Possible reasons:
#   The system is out of physical RAM or swap space
#   The process is running with CompressedOops enabled, and the Java Heap may be blocking the growth of the native heap
# Possible solutions:
#   Reduce memory load on the system
#   Increase physical memory or swap space
#   Check if swap backing store is full
#   Decrease Java heap size (-Xmx/-Xms)
#   Decrease number of Java threads
#   Decrease Java thread stack sizes (-Xss)
#   Set larger code cache with -XX:ReservedCodeCacheSize=
#   JVM is running with Unscaled Compressed Oops mode in which the Java heap is
#     placed in the first 4GB address space. The Java Heap base address is the
#     maximum limit for the native heap growth. Please use -XX:HeapBaseMinAddress
#     to set the Java Heap base and to place the Java Heap above 4GB virtual address.
# This output file may be truncated or incomplete.
#
#  Out of Memory Error (./open/src/hotspot/share/memory/arena.cpp:197), pid=3104, tid=3996
#
# JRE version: Java(TM) SE Runtime Environment 18.9 (11.0.7+8) (build 11.0.7+8-LTS)
# Java VM: Java HotSpot(TM) 64-Bit Server VM 18.9 (11.0.7+8-LTS, mixed mode, tiered, compressed oops, g1 gc, windows-amd64)
# No core dump will be written. Minidumps are not enabled by default on client versions of Windows
#

---------------  S U M M A R Y ------------

Command Line: -agentlib:jdwp=transport=dt_socket,address=localhost:51741,suspend=n,server=y -Xdebug -Xmx1536M -Didea.managed=true -Dfile.encoding=UTF-8 -Didea.runid=2018.2 D:\sbt\bin\sbt-launch.jar idea-shell

Host: Intel(R) Core(TM) i7-6700HQ CPU @ 2.60GHz, 8 cores, 7G,  Windows 10 , 64 bit Build 17134 (10.0.17134.1425)
Time: Tue Jul 28 09:34:32 2020 ?D1¨²¡À¨º¡Á?¨º¡À?? elapsed time: 92 seconds (0d 0h 1m 32s)

---------------  T H R E A D  ---------------

Current thread (0x000002408f3e7800):  JavaThread "C2 CompilerThread1" daemon [_thread_in_native, id=3996, stack(0x0000006580000000,0x0000006580100000)]


Current CompileTask:
C2:  92206 28803       4       xsbt.GlobalHelpers$TypeDependencyTraverser::traverse (580 bytes)

Stack: [0x0000006580000000,0x0000006580100000]
Native frames: (J=compiled Java code, j=interpreted, Vv=VM code, C=native code)
V  [jvm.dll+0x661a7a]
V  [jvm.dll+0x7a1b2f]
V  [jvm.dll+0x7a31d5]
V  [jvm.dll+0x7a3843]
V  [jvm.dll+0x25f1a8]
V  [jvm.dll+0xc2441]
V  [jvm.dll+0xc29cc]
V  [jvm.dll+0x36fd27]
V  [jvm.dll+0x33c793]
V  [jvm.dll+0x33bb6a]
V  [jvm.dll+0x2186e5]
V  [jvm.dll+0x21788a]
V  [jvm.dll+0x19407c]
V  [jvm.dll+0x226c74]
V  [jvm.dll+0x224e98]
V  [jvm.dll+0x765e25]
V  [jvm.dll+0x75e875]
V  [jvm.dll+0x660b26]
C  [ucrtbase.dll+0x1e3fe]
C  [KERNEL32.DLL+0x14034]
C  [ntdll.dll+0x73691]


---------------  P R O C E S S  ---------------

Threads class SMR info:
_java_thread_list=0x0000024089d07540, length=35, elements={
0x00000240e0ad6800, 0x00000240fe595000, 0x00000240fe596000, 0x00000240fee27000,
0x00000240fee29000, 0x00000240fee2a000, 0x00000240fee2d800, 0x00000240fee36800,
0x00000240fefe2000, 0x00000240fefe6000, 0x00000240fefe7000, 0x00000240ff008000,
0x0000024083405800, 0x0000024088f86000, 0x0000024084e89800, 0x00000240854cf000,
0x00000240854d0000, 0x00000240816bd800, 0x00000240816be000, 0x0000024080c78000,
0x0000024080c79000, 0x00000240832a5000, 0x00000240832a6000, 0x00000240832a9000,
0x00000240832aa000, 0x00000240832ab000, 0x00000240832ab800, 0x00000240832a7800,
0x00000240832ac800, 0x00000240832a6800, 0x00000240832ad800, 0x00000240832ae000,
0x000002408f3e7800, 0x000002408a8a2800, 0x00000240832a8800
}

Java Threads: ( => current thread )
  0x00000240e0ad6800 JavaThread "main" [_thread_blocked, id=11140, stack(0x00000065fdd00000,0x00000065fde00000)]
  0x00000240fe595000 JavaThread "Reference Handler" daemon [_thread_blocked, id=1732, stack(0x00000065fe400000,0x00000065fe500000)]
  0x00000240fe596000 JavaThread "Finalizer" daemon [_thread_blocked, id=11524, stack(0x00000065fe500000,0x00000065fe600000)]
  0x00000240fee27000 JavaThread "Signal Dispatcher" daemon [_thread_blocked, id=1844, stack(0x00000065fe600000,0x00000065fe700000)]
  0x00000240fee29000 JavaThread "Attach Listener" daemon [_thread_blocked, id=11032, stack(0x00000065fe700000,0x00000065fe800000)]
  0x00000240fee2a000 JavaThread "C2 CompilerThread0" daemon [_thread_in_native, id=10592, stack(0x00000065fe800000,0x00000065fe900000)]
  0x00000240fee2d800 JavaThread "C1 CompilerThread0" daemon [_thread_blocked, id=11028, stack(0x00000065fe900000,0x00000065fea00000)]
  0x00000240fee36800 JavaThread "Sweeper thread" daemon [_thread_blocked, id=7308, stack(0x00000065fea00000,0x00000065feb00000)]
  0x00000240fefe2000 JavaThread "JDWP Transport Listener: dt_socket" daemon [_thread_in_native, id=8104, stack(0x00000065feb00000,0x00000065fec00000)]
  0x00000240fefe6000 JavaThread "JDWP Event Helper Thread" daemon [_thread_blocked, id=2496, stack(0x00000065fec00000,0x00000065fed00000)]
  0x00000240fefe7000 JavaThread "Service Thread" daemon [_thread_blocked, id=3784, stack(0x00000065fed00000,0x00000065fee00000)]
  0x00000240ff008000 JavaThread "Common-Cleaner" daemon [_thread_blocked, id=8168, stack(0x00000065fef00000,0x00000065ff000000)]
  0x0000024083405800 JavaThread "classloader-cache-cleanup-0" daemon [_thread_blocked, id=11616, stack(0x00000065ff200000,0x00000065ff300000)]
  0x0000024088f86000 JavaThread "scala-execution-context-global-21" daemon [_thread_blocked, id=2216, stack(0x00000065ff400000,0x00000065ff500000)]
  0x0000024084e89800 JavaThread "scala-execution-context-global-22" daemon [_thread_blocked, id=10956, stack(0x00000065ff500000,0x00000065ff600000)]
  0x00000240854cf000 JavaThread "scala-execution-context-global-23" daemon [_thread_blocked, id=8204, stack(0x00000065ffa00000,0x00000065ffb00000)]
  0x00000240854d0000 JavaThread "scala-execution-context-global-24" daemon [_thread_blocked, id=9652, stack(0x00000065ffb00000,0x00000065ffc00000)]
  0x00000240816bd800 JavaThread "scala-execution-context-global-25" daemon [_thread_blocked, id=7020, stack(0x00000065ffc00000,0x00000065ffd00000)]
  0x00000240816be000 JavaThread "scala-execution-context-global-26" daemon [_thread_blocked, id=6088, stack(0x00000065ffd00000,0x00000065ffe00000)]
  0x0000024080c78000 JavaThread "scala-execution-context-global-27" daemon [_thread_blocked, id=11116, stack(0x00000065ffe00000,0x00000065fff00000)]
  0x0000024080c79000 JavaThread "scala-execution-context-global-28" daemon [_thread_blocked, id=2248, stack(0x00000065fff00000,0x0000006600000000)]
  0x00000240832a5000 JavaThread "ForkJoinPool.commonPool-worker-3" daemon [_thread_blocked, id=7652, stack(0x0000006580800000,0x0000006580900000)]
  0x00000240832a6000 JavaThread "pool-27-thread-1" [_thread_blocked, id=4200, stack(0x0000006580400000,0x0000006580500000)]
  0x00000240832a9000 JavaThread "pool-27-thread-2" [_thread_blocked, id=5972, stack(0x0000006580500000,0x0000006580600000)]
  0x00000240832aa000 JavaThread "pool-27-thread-3" [_thread_blocked, id=4012, stack(0x0000006580600000,0x0000006580700000)]
  0x00000240832ab000 JavaThread "pool-27-thread-4" [_thread_blocked, id=8248, stack(0x0000006580700000,0x0000006580800000)]
  0x00000240832ab800 JavaThread "task-progress-report-thread" daemon [_thread_blocked, id=328, stack(0x0000006580900000,0x0000006580a00000)]
  0x00000240832a7800 JavaThread "pool-27-thread-5" [_thread_blocked, id=3348, stack(0x0000006580a00000,0x0000006580b00000)]
  0x00000240832ac800 JavaThread "pool-27-thread-6" [_thread_blocked, id=12700, stack(0x0000006580b00000,0x0000006580c00000)]
  0x00000240832a6800 JavaThread "pool-27-thread-7" [_thread_blocked, id=10916, stack(0x0000006580c00000,0x0000006580d00000)]
  0x00000240832ad800 JavaThread "pool-27-thread-8" [_thread_blocked, id=12512, stack(0x0000006581200000,0x0000006581300000)]
  0x00000240832ae000 JavaThread "pool-27-thread-9" [_thread_blocked, id=3656, stack(0x0000006581300000,0x0000006581400000)]
=>0x000002408f3e7800 JavaThread "C2 CompilerThread1" daemon [_thread_in_native, id=3996, stack(0x0000006580000000,0x0000006580100000)]
  0x000002408a8a2800 JavaThread "C2 CompilerThread2" daemon [_thread_in_native, id=7108, stack(0x0000006580100000,0x0000006580200000)]
  0x00000240832a8800 JavaThread "Timer-0" daemon [_thread_blocked, id=8964, stack(0x0000006581400000,0x0000006581500000)]

Other Threads:
  0x00000240fe591000 VMThread "VM Thread" [stack: 0x00000065fe300000,0x00000065fe400000] [id=6512]
  0x00000240ff007000 WatcherThread [stack: 0x00000065fee00000,0x00000065fef00000] [id=3160]
  0x00000240e0aeb800 GCTaskThread "GC Thread#0" [stack: 0x00000065fde00000,0x00000065fdf00000] [id=1204]
  0x00000240ff951800 GCTaskThread "GC Thread#1" [stack: 0x00000065ff000000,0x00000065ff100000] [id=9448]
  0x00000240ffa4a800 GCTaskThread "GC Thread#2" [stack: 0x00000065ff100000,0x00000065ff200000] [id=3936]
  0x0000024090713800 GCTaskThread "GC Thread#3" [stack: 0x0000006580d00000,0x0000006580e00000] [id=7396]
  0x000002408d435000 GCTaskThread "GC Thread#4" [stack: 0x0000006580e00000,0x0000006580f00000] [id=3196]
  0x000002408d435800 GCTaskThread "GC Thread#5" [stack: 0x0000006580f00000,0x0000006581000000] [id=2852]
  0x000002408d436000 GCTaskThread "GC Thread#6" [stack: 0x0000006581000000,0x0000006581100000] [id=7640]
  0x0000024083f69000 GCTaskThread "GC Thread#7" [stack: 0x0000006581100000,0x0000006581200000] [id=8016]
  0x00000240e0b13800 ConcurrentGCThread "G1 Main Marker" [stack: 0x00000065fdf00000,0x00000065fe000000] [id=7276]
  0x00000240e0b15000 ConcurrentGCThread "G1 Conc#0" [stack: 0x00000065fe000000,0x00000065fe100000] [id=6004]
  0x00000240ffb78000 ConcurrentGCThread "G1 Conc#1" [stack: 0x00000065ff300000,0x00000065ff400000] [id=6168]
  0x00000240fe3ff800 ConcurrentGCThread "G1 Refine#0" [stack: 0x00000065fe100000,0x00000065fe200000] [id=8048]
  0x0000024084b48800 ConcurrentGCThread "G1 Refine#1" [stack: 0x00000065ff600000,0x00000065ff700000] [id=7520]
  0x0000024080d5a800 ConcurrentGCThread "G1 Refine#2" [stack: 0x00000065ff700000,0x00000065ff800000] [id=9136]
  0x0000024080d5b800 ConcurrentGCThread "G1 Refine#3" [stack: 0x00000065ff800000,0x00000065ff900000] [id=7484]
  0x0000024080d5c000 ConcurrentGCThread "G1 Refine#4" [stack: 0x00000065ff900000,0x00000065ffa00000] [id=9560]
  0x00000240fe400000 ConcurrentGCThread "G1 Young RemSet Sampling" [stack: 0x00000065fe200000,0x00000065fe300000] [id=11760]

Threads with active compile tasks:
C2 CompilerThread028788       4       xsbt.Dependency$DependencyTraverser::traverse (692 bytes)
C2 CompilerThread128803       4       xsbt.GlobalHelpers$TypeDependencyTraverser::traverse (580 bytes)
C2 CompilerThread228812       4       scala.reflect.internal.Symbols$Symbol::loop$2 (159 bytes)

VM state:at safepoint (normal execution)

VM Mutex/Monitor currently owned by a thread:  ([mutex/lock_event])
[0x00000240e0ad59c0] Threads_lock - owner thread: 0x00000240fe591000
[0x00000240e0ad5930] Heap_lock - owner thread: 0x00000240832a9000

Heap address: 0x00000000a0000000, size: 1536 MB, Compressed Oops mode: 32-bit
Narrow klass base: 0x0000000000000000, Narrow klass shift: 3
Compressed class space size: 1073741824 Address: 0x0000000100000000

Heap:
 garbage-first heap   total 234496K, used 97297K [0x00000000a0000000, 0x0000000100000000)
  region size 1024K, 2 young (2048K), 2 survivors (2048K)
 Metaspace       used 175667K, capacity 188200K, committed 190880K, reserved 1208320K
  class space    used 25558K, capacity 31811K, committed 32256K, reserved 1048576K
Heap Regions: E=young(eden), S=young(survivor), O=old, HS=humongous(starts), HC=humongous(continues), CS=collection set, F=free, A=archive, TAMS=top-at-mark-start (previous, next)
|   0|0x00000000a0000000, 0x00000000a0100000, 0x00000000a0100000|100%| O|  |TAMS 0x00000000a0100000, 0x00000000a0000000| Untracked 
|   1|0x00000000a0100000, 0x00000000a0200000, 0x00000000a0200000|100%| O|  |TAMS 0x00000000a0200000, 0x00000000a0100000| Untracked 
|   2|0x00000000a0200000, 0x00000000a0300000, 0x00000000a0300000|100%| O|  |TAMS 0x00000000a0300000, 0x00000000a0200000| Untracked 
|   3|0x00000000a0300000, 0x00000000a0400000, 0x00000000a0400000|100%| O|  |TAMS 0x00000000a0400000, 0x00000000a0300000| Untracked 
|   4|0x00000000a0400000, 0x00000000a0500000, 0x00000000a0500000|100%| O|  |TAMS 0x00000000a0500000, 0x00000000a0400000| Untracked 
|   5|0x00000000a0500000, 0x00000000a0600000, 0x00000000a0600000|100%| O|  |TAMS 0x00000000a0600000, 0x00000000a0500000| Untracked 
|   6|0x00000000a0600000, 0x00000000a0700000, 0x00000000a0700000|100%| O|  |TAMS 0x00000000a0700000, 0x00000000a0600000| Untracked 
|   7|0x00000000a0700000, 0x00000000a0800000, 0x00000000a0800000|100%| O|  |TAMS 0x00000000a0800000, 0x00000000a0700000| Untracked 
|   8|0x00000000a0800000, 0x00000000a0900000, 0x00000000a0900000|100%| O|  |TAMS 0x00000000a0900000, 0x00000000a0800000| Untracked 
|   9|0x00000000a0900000, 0x00000000a0a00000, 0x00000000a0a00000|100%| O|  |TAMS 0x00000000a0a00000, 0x00000000a0900000| Untracked 
|  10|0x00000000a0a00000, 0x00000000a0b00000, 0x00000000a0b00000|100%| O|  |TAMS 0x00000000a0b00000, 0x00000000a0a00000| Untracked 
|  11|0x00000000a0b00000, 0x00000000a0c00000, 0x00000000a0c00000|100%| O|  |TAMS 0x00000000a0c00000, 0x00000000a0b00000| Untracked 
|  12|0x00000000a0c00000, 0x00000000a0d00000, 0x00000000a0d00000|100%| O|  |TAMS 0x00000000a0d00000, 0x00000000a0c00000| Untracked 
|  13|0x00000000a0d00000, 0x00000000a0e00000, 0x00000000a0e00000|100%| O|  |TAMS 0x00000000a0e00000, 0x00000000a0d00000| Untracked 
|  14|0x00000000a0e00000, 0x00000000a0f00000, 0x00000000a0f00000|100%| O|  |TAMS 0x00000000a0f00000, 0x00000000a0e00000| Untracked 
|  15|0x00000000a0f00000, 0x00000000a1000000, 0x00000000a1000000|100%| O|  |TAMS 0x00000000a1000000, 0x00000000a0f00000| Untracked 
|  16|0x00000000a1000000, 0x00000000a1100000, 0x00000000a1100000|100%| O|  |TAMS 0x00000000a1100000, 0x00000000a1000000| Untracked 
|  17|0x00000000a1100000, 0x00000000a1200000, 0x00000000a1200000|100%| O|  |TAMS 0x00000000a1200000, 0x00000000a1100000| Untracked 
|  18|0x00000000a1200000, 0x00000000a1300000, 0x00000000a1300000|100%| O|  |TAMS 0x00000000a1300000, 0x00000000a1200000| Untracked 
|  19|0x00000000a1300000, 0x00000000a1400000, 0x00000000a1400000|100%| O|  |TAMS 0x00000000a1400000, 0x00000000a1300000| Untracked 
|  20|0x00000000a1400000, 0x00000000a1500000, 0x00000000a1500000|100%| O|  |TAMS 0x00000000a1500000, 0x00000000a1400000| Untracked 
|  21|0x00000000a1500000, 0x00000000a1600000, 0x00000000a1600000|100%| O|  |TAMS 0x00000000a1500000, 0x00000000a1500000| Untracked 
|  22|0x00000000a1600000, 0x00000000a1700000, 0x00000000a1700000|100%| O|  |TAMS 0x00000000a1700000, 0x00000000a1600000| Untracked 
|  23|0x00000000a1700000, 0x00000000a1800000, 0x00000000a1800000|100%| O|  |TAMS 0x00000000a1700000, 0x00000000a1700000| Untracked 
|  24|0x00000000a1800000, 0x00000000a1900000, 0x00000000a1900000|100%| O|  |TAMS 0x00000000a1800000, 0x00000000a1800000| Untracked 
|  25|0x00000000a1900000, 0x00000000a1a00000, 0x00000000a1a00000|100%| O|  |TAMS 0x00000000a1a00000, 0x00000000a1900000| Untracked 
|  26|0x00000000a1a00000, 0x00000000a1b00000, 0x00000000a1b00000|100%| O|  |TAMS 0x00000000a1b00000, 0x00000000a1a00000| Untracked 
|  27|0x00000000a1b00000, 0x00000000a1c00000, 0x00000000a1c00000|100%| O|  |TAMS 0x00000000a1c00000, 0x00000000a1b00000| Untracked 
|  28|0x00000000a1c00000, 0x00000000a1d00000, 0x00000000a1d00000|100%| O|  |TAMS 0x00000000a1d00000, 0x00000000a1c00000| Untracked 
|  29|0x00000000a1d00000, 0x00000000a1e00000, 0x00000000a1e00000|100%| O|  |TAMS 0x00000000a1e00000, 0x00000000a1d00000| Untracked 
|  30|0x00000000a1e00000, 0x00000000a1f00000, 0x00000000a1f00000|100%| O|  |TAMS 0x00000000a1f00000, 0x00000000a1e00000| Untracked 
|  31|0x00000000a1f00000, 0x00000000a2000000, 0x00000000a2000000|100%| O|  |TAMS 0x00000000a2000000, 0x00000000a1f00000| Untracked 
|  32|0x00000000a2000000, 0x00000000a2100000, 0x00000000a2100000|100%| O|  |TAMS 0x00000000a2100000, 0x00000000a2000000| Untracked 
|  33|0x00000000a2100000, 0x00000000a2200000, 0x00000000a2200000|100%| O|  |TAMS 0x00000000a2200000, 0x00000000a2100000| Untracked 
|  34|0x00000000a2200000, 0x00000000a2300000, 0x00000000a2300000|100%| O|  |TAMS 0x00000000a2300000, 0x00000000a2200000| Untracked 
|  35|0x00000000a2300000, 0x00000000a2400000, 0x00000000a2400000|100%| O|  |TAMS 0x00000000a2400000, 0x00000000a2300000| Untracked 
|  36|0x00000000a2400000, 0x00000000a2500000, 0x00000000a2500000|100%| O|  |TAMS 0x00000000a2500000, 0x00000000a2400000| Untracked 
|  37|0x00000000a2500000, 0x00000000a2600000, 0x00000000a2600000|100%| O|  |TAMS 0x00000000a2600000, 0x00000000a2500000| Untracked 
|  38|0x00000000a2600000, 0x00000000a2700000, 0x00000000a2700000|100%| O|  |TAMS 0x00000000a2700000, 0x00000000a2600000| Untracked 
|  39|0x00000000a2700000, 0x00000000a2800000, 0x00000000a2800000|100%| O|  |TAMS 0x00000000a2800000, 0x00000000a2700000| Untracked 
|  40|0x00000000a2800000, 0x00000000a2900000, 0x00000000a2900000|100%| O|  |TAMS 0x00000000a2900000, 0x00000000a2800000| Untracked 
|  41|0x00000000a2900000, 0x00000000a2a00000, 0x00000000a2a00000|100%| O|  |TAMS 0x00000000a2a00000, 0x00000000a2900000| Untracked 
|  42|0x00000000a2a00000, 0x00000000a2b00000, 0x00000000a2b00000|100%| O|  |TAMS 0x00000000a2b00000, 0x00000000a2a00000| Untracked 
|  43|0x00000000a2b00000, 0x00000000a2c00000, 0x00000000a2c00000|100%| O|  |TAMS 0x00000000a2c00000, 0x00000000a2b00000| Untracked 
|  44|0x00000000a2c00000, 0x00000000a2d00000, 0x00000000a2d00000|100%| O|  |TAMS 0x00000000a2c00000, 0x00000000a2c00000| Untracked 
|  45|0x00000000a2d00000, 0x00000000a2e00000, 0x00000000a2e00000|100%| O|  |TAMS 0x00000000a2e00000, 0x00000000a2d00000| Untracked 
|  46|0x00000000a2e00000, 0x00000000a2f00000, 0x00000000a2f00000|100%| O|  |TAMS 0x00000000a2e00000, 0x00000000a2e00000| Untracked 
|  47|0x00000000a2f00000, 0x00000000a3000000, 0x00000000a3000000|100%| O|  |TAMS 0x00000000a3000000, 0x00000000a2f00000| Untracked 
|  48|0x00000000a3000000, 0x00000000a3100000, 0x00000000a3100000|100%| O|  |TAMS 0x00000000a3100000, 0x00000000a3000000| Untracked 
|  49|0x00000000a3100000, 0x00000000a3200000, 0x00000000a3200000|100%| O|  |TAMS 0x00000000a3200000, 0x00000000a3100000| Untracked 
|  50|0x00000000a3200000, 0x00000000a3300000, 0x00000000a3300000|100%| O|  |TAMS 0x00000000a3200000, 0x00000000a3200000| Untracked 
|  51|0x00000000a3300000, 0x00000000a33f4800, 0x00000000a3400000| 95%| O|  |TAMS 0x00000000a3300000, 0x00000000a3300000| Untracked 
|  52|0x00000000a3400000, 0x00000000a3500000, 0x00000000a3500000|100%| O|  |TAMS 0x00000000a3500000, 0x00000000a3400000| Untracked 
|  53|0x00000000a3500000, 0x00000000a3600000, 0x00000000a3600000|100%| O|  |TAMS 0x00000000a3600000, 0x00000000a3500000| Untracked 
|  54|0x00000000a3600000, 0x00000000a3600000, 0x00000000a3700000|  0%| F|  |TAMS 0x00000000a3600000, 0x00000000a3600000| Untracked 
|  55|0x00000000a3700000, 0x00000000a3700000, 0x00000000a3800000|  0%| F|  |TAMS 0x00000000a3700000, 0x00000000a3700000| Untracked 
|  56|0x00000000a3800000, 0x00000000a3900000, 0x00000000a3900000|100%| O|  |TAMS 0x00000000a3800000, 0x00000000a3800000| Untracked 
|  57|0x00000000a3900000, 0x00000000a3a00000, 0x00000000a3a00000|100%| O|  |TAMS 0x00000000a3a00000, 0x00000000a3900000| Untracked 
|  58|0x00000000a3a00000, 0x00000000a3b00000, 0x00000000a3b00000|100%| O|  |TAMS 0x00000000a3a00000, 0x00000000a3a00000| Untracked 
|  59|0x00000000a3b00000, 0x00000000a3c00000, 0x00000000a3c00000|100%| O|  |TAMS 0x00000000a3c00000, 0x00000000a3b00000| Untracked 
|  60|0x00000000a3c00000, 0x00000000a3d00000, 0x00000000a3d00000|100%| O|  |TAMS 0x00000000a3c00000, 0x00000000a3c00000| Untracked 
|  61|0x00000000a3d00000, 0x00000000a3e00000, 0x00000000a3e00000|100%| O|  |TAMS 0x00000000a3d00000, 0x00000000a3d00000| Untracked 
|  62|0x00000000a3e00000, 0x00000000a3f00000, 0x00000000a3f00000|100%| O|  |TAMS 0x00000000a3f00000, 0x00000000a3e00000| Untracked 
|  63|0x00000000a3f00000, 0x00000000a3f00000, 0x00000000a4000000|  0%| F|  |TAMS 0x00000000a3f00000, 0x00000000a3f00000| Untracked 
|  64|0x00000000a4000000, 0x00000000a4100000, 0x00000000a4100000|100%| O|  |TAMS 0x00000000a4100000, 0x00000000a4000000| Untracked 
|  65|0x00000000a4100000, 0x00000000a4200000, 0x00000000a4200000|100%| O|  |TAMS 0x00000000a4100000, 0x00000000a4100000| Untracked 
|  66|0x00000000a4200000, 0x00000000a4200000, 0x00000000a4300000|  0%| F|  |TAMS 0x00000000a4200000, 0x00000000a4200000| Untracked 
|  67|0x00000000a4300000, 0x00000000a4300000, 0x00000000a4400000|  0%| F|  |TAMS 0x00000000a4300000, 0x00000000a4300000| Untracked 
|  68|0x00000000a4400000, 0x00000000a4500000, 0x00000000a4500000|100%|HS|  |TAMS 0x00000000a4400000, 0x00000000a4400000| Complete 
|  69|0x00000000a4500000, 0x00000000a4600000, 0x00000000a4600000|100%|HC|  |TAMS 0x00000000a4500000, 0x00000000a4500000| Complete 
|  70|0x00000000a4600000, 0x00000000a4700000, 0x00000000a4700000|100%| O|  |TAMS 0x00000000a4600000, 0x00000000a4600000| Untracked 
|  71|0x00000000a4700000, 0x00000000a4800000, 0x00000000a4800000|100%| O|  |TAMS 0x00000000a4700000, 0x00000000a4700000| Untracked 
|  72|0x00000000a4800000, 0x00000000a4800000, 0x00000000a4900000|  0%| F|  |TAMS 0x00000000a4800000, 0x00000000a4800000| Untracked 
|  73|0x00000000a4900000, 0x00000000a4a00000, 0x00000000a4a00000|100%| O|  |TAMS 0x00000000a4900000, 0x00000000a4900000| Untracked 
|  74|0x00000000a4a00000, 0x00000000a4b00000, 0x00000000a4b00000|100%| O|  |TAMS 0x00000000a4a00000, 0x00000000a4a00000| Untracked 
|  75|0x00000000a4b00000, 0x00000000a4b00000, 0x00000000a4c00000|  0%| F|  |TAMS 0x00000000a4b00000, 0x00000000a4b00000| Untracked 
|  76|0x00000000a4c00000, 0x00000000a4c00000, 0x00000000a4d00000|  0%| F|  |TAMS 0x00000000a4c00000, 0x00000000a4c00000| Untracked 
|  77|0x00000000a4d00000, 0x00000000a4d00000, 0x00000000a4e00000|  0%| F|  |TAMS 0x00000000a4d00000, 0x00000000a4d00000| Untracked 
|  78|0x00000000a4e00000, 0x00000000a4f00000, 0x00000000a4f00000|100%| O|  |TAMS 0x00000000a4f00000, 0x00000000a4e00000| Untracked 
|  79|0x00000000a4f00000, 0x00000000a4f00000, 0x00000000a5000000|  0%| F|  |TAMS 0x00000000a4f00000, 0x00000000a4f00000| Untracked 
|  80|0x00000000a5000000, 0x00000000a5000000, 0x00000000a5100000|  0%| F|  |TAMS 0x00000000a5000000, 0x00000000a5000000| Untracked 
|  81|0x00000000a5100000, 0x00000000a5100000, 0x00000000a5200000|  0%| F|  |TAMS 0x00000000a5100000, 0x00000000a5100000| Untracked 
|  82|0x00000000a5200000, 0x00000000a5200000, 0x00000000a5300000|  0%| F|  |TAMS 0x00000000a5200000, 0x00000000a5200000| Untracked 
|  83|0x00000000a5300000, 0x00000000a5300000, 0x00000000a5400000|  0%| F|  |TAMS 0x00000000a5300000, 0x00000000a5300000| Untracked 
|  84|0x00000000a5400000, 0x00000000a5400000, 0x00000000a5500000|  0%| F|  |TAMS 0x00000000a5400000, 0x00000000a5400000| Untracked 
|  85|0x00000000a5500000, 0x00000000a5500000, 0x00000000a5600000|  0%| F|  |TAMS 0x00000000a5500000, 0x00000000a5500000| Untracked 
|  86|0x00000000a5600000, 0x00000000a5600000, 0x00000000a5700000|  0%| F|  |TAMS 0x00000000a5600000, 0x00000000a5600000| Untracked 
|  87|0x00000000a5700000, 0x00000000a5700000, 0x00000000a5800000|  0%| F|  |TAMS 0x00000000a5700000, 0x00000000a5700000| Untracked 
|  88|0x00000000a5800000, 0x00000000a5800000, 0x00000000a5900000|  0%| F|  |TAMS 0x00000000a5800000, 0x00000000a5800000| Untracked 
|  89|0x00000000a5900000, 0x00000000a5900000, 0x00000000a5a00000|  0%| F|  |TAMS 0x00000000a5900000, 0x00000000a5900000| Untracked 
|  90|0x00000000a5a00000, 0x00000000a5a00000, 0x00000000a5b00000|  0%| F|  |TAMS 0x00000000a5a00000, 0x00000000a5a00000| Untracked 
|  91|0x00000000a5b00000, 0x00000000a5b00000, 0x00000000a5c00000|  0%| F|  |TAMS 0x00000000a5b00000, 0x00000000a5b00000| Untracked 
|  92|0x00000000a5c00000, 0x00000000a5c00000, 0x00000000a5d00000|  0%| F|  |TAMS 0x00000000a5c00000, 0x00000000a5c00000| Untracked 
|  93|0x00000000a5d00000, 0x00000000a5d00000, 0x00000000a5e00000|  0%| F|  |TAMS 0x00000000a5d00000, 0x00000000a5d00000| Untracked 
|  94|0x00000000a5e00000, 0x00000000a5e00000, 0x00000000a5f00000|  0%| F|  |TAMS 0x00000000a5e00000, 0x00000000a5e00000| Untracked 
|  95|0x00000000a5f00000, 0x00000000a5f00000, 0x00000000a6000000|  0%| F|  |TAMS 0x00000000a5f00000, 0x00000000a5f00000| Untracked 
|  96|0x00000000a6000000, 0x00000000a6000000, 0x00000000a6100000|  0%| F|  |TAMS 0x00000000a6000000, 0x00000000a6000000| Untracked 
|  97|0x00000000a6100000, 0x00000000a6100000, 0x00000000a6200000|  0%| F|  |TAMS 0x00000000a6100000, 0x00000000a6100000| Untracked 
|  98|0x00000000a6200000, 0x00000000a6200000, 0x00000000a6300000|  0%| F|  |TAMS 0x00000000a6200000, 0x00000000a6200000| Untracked 
|  99|0x00000000a6300000, 0x00000000a6300000, 0x00000000a6400000|  0%| F|  |TAMS 0x00000000a6300000, 0x00000000a6300000| Untracked 
| 100|0x00000000a6400000, 0x00000000a6400000, 0x00000000a6500000|  0%| F|  |TAMS 0x00000000a6400000, 0x00000000a6400000| Untracked 
| 101|0x00000000a6500000, 0x00000000a6500000, 0x00000000a6600000|  0%| F|  |TAMS 0x00000000a6500000, 0x00000000a6500000| Untracked 
| 102|0x00000000a6600000, 0x00000000a6700000, 0x00000000a6700000|100%| O|  |TAMS 0x00000000a6700000, 0x00000000a6600000| Untracked 
| 103|0x00000000a6700000, 0x00000000a6800000, 0x00000000a6800000|100%| O|  |TAMS 0x00000000a6800000, 0x00000000a6700000| Untracked 
| 104|0x00000000a6800000, 0x00000000a6900000, 0x00000000a6900000|100%| O|  |TAMS 0x00000000a6900000, 0x00000000a6800000| Untracked 
| 105|0x00000000a6900000, 0x00000000a6a00000, 0x00000000a6a00000|100%| O|  |TAMS 0x00000000a6a00000, 0x00000000a6900000| Untracked 
| 106|0x00000000a6a00000, 0x00000000a6b00000, 0x00000000a6b00000|100%| O|  |TAMS 0x00000000a6b00000, 0x00000000a6a00000| Untracked 
| 107|0x00000000a6b00000, 0x00000000a6c00000, 0x00000000a6c00000|100%| O|  |TAMS 0x00000000a6c00000, 0x00000000a6b00000| Untracked 
| 108|0x00000000a6c00000, 0x00000000a6d00000, 0x00000000a6d00000|100%| O|  |TAMS 0x00000000a6d00000, 0x00000000a6c00000| Untracked 
| 109|0x00000000a6d00000, 0x00000000a6e00000, 0x00000000a6e00000|100%| O|  |TAMS 0x00000000a6e00000, 0x00000000a6d00000| Untracked 
| 110|0x00000000a6e00000, 0x00000000a6f00000, 0x00000000a6f00000|100%| O|  |TAMS 0x00000000a6f00000, 0x00000000a6e00000| Untracked 
| 111|0x00000000a6f00000, 0x00000000a6f00000, 0x00000000a7000000|  0%| F|  |TAMS 0x00000000a6f00000, 0x00000000a6f00000| Untracked 
| 112|0x00000000a7000000, 0x00000000a7100000, 0x00000000a7100000|100%| O|  |TAMS 0x00000000a7100000, 0x00000000a7000000| Untracked 
| 113|0x00000000a7100000, 0x00000000a7200000, 0x00000000a7200000|100%| O|  |TAMS 0x00000000a7200000, 0x00000000a7100000| Untracked 
| 114|0x00000000a7200000, 0x00000000a7300000, 0x00000000a7300000|100%| O|  |TAMS 0x00000000a7300000, 0x00000000a7200000| Untracked 
| 115|0x00000000a7300000, 0x00000000a7400000, 0x00000000a7400000|100%| O|  |TAMS 0x00000000a7400000, 0x00000000a7300000| Untracked 
| 116|0x00000000a7400000, 0x00000000a7500000, 0x00000000a7500000|100%| O|  |TAMS 0x00000000a7500000, 0x00000000a7400000| Untracked 
| 117|0x00000000a7500000, 0x00000000a7500000, 0x00000000a7600000|  0%| F|  |TAMS 0x00000000a7500000, 0x00000000a7500000| Untracked 
| 118|0x00000000a7600000, 0x00000000a7600000, 0x00000000a7700000|  0%| F|  |TAMS 0x00000000a7600000, 0x00000000a7600000| Untracked 
| 119|0x00000000a7700000, 0x00000000a7800000, 0x00000000a7800000|100%| O|  |TAMS 0x00000000a7800000, 0x00000000a7700000| Untracked 
| 120|0x00000000a7800000, 0x00000000a7900000, 0x00000000a7900000|100%| O|  |TAMS 0x00000000a7900000, 0x00000000a7800000| Untracked 
| 121|0x00000000a7900000, 0x00000000a7a00000, 0x00000000a7a00000|100%| O|  |TAMS 0x00000000a7a00000, 0x00000000a7900000| Untracked 
| 122|0x00000000a7a00000, 0x00000000a7a00000, 0x00000000a7b00000|  0%| F|  |TAMS 0x00000000a7a00000, 0x00000000a7a00000| Untracked 
| 123|0x00000000a7b00000, 0x00000000a7c00000, 0x00000000a7c00000|100%| O|  |TAMS 0x00000000a7c00000, 0x00000000a7b00000| Untracked 
| 124|0x00000000a7c00000, 0x00000000a7d00000, 0x00000000a7d00000|100%| O|  |TAMS 0x00000000a7d00000, 0x00000000a7c00000| Untracked 
| 125|0x00000000a7d00000, 0x00000000a7e00000, 0x00000000a7e00000|100%| O|  |TAMS 0x00000000a7e00000, 0x00000000a7d00000| Untracked 
| 126|0x00000000a7e00000, 0x00000000a7f00000, 0x00000000a7f00000|100%| O|  |TAMS 0x00000000a7f00000, 0x00000000a7e00000| Untracked 
| 127|0x00000000a7f00000, 0x00000000a8000000, 0x00000000a8000000|100%| O|  |TAMS 0x00000000a8000000, 0x00000000a7f00000| Untracked 
| 128|0x00000000a8000000, 0x00000000a8100000, 0x00000000a8100000|100%| O|  |TAMS 0x00000000a8100000, 0x00000000a8000000| Untracked 
| 129|0x00000000a8100000, 0x00000000a8200000, 0x00000000a8200000|100%| O|  |TAMS 0x00000000a8134e00, 0x00000000a8100000| Untracked 
| 130|0x00000000a8200000, 0x00000000a820fc18, 0x00000000a8300000|  6%| S|CS|TAMS 0x00000000a8200000, 0x00000000a8200000| Complete 
| 131|0x00000000a8300000, 0x00000000a8400000, 0x00000000a8400000|100%| S|CS|TAMS 0x00000000a8300000, 0x00000000a8300000| Complete 
| 132|0x00000000a8400000, 0x00000000a8400000, 0x00000000a8500000|  0%| F|  |TAMS 0x00000000a8400000, 0x00000000a8400000| Untracked 
| 133|0x00000000a8500000, 0x00000000a8500000, 0x00000000a8600000|  0%| F|  |TAMS 0x00000000a8500000, 0x00000000a8500000| Untracked 
| 134|0x00000000a8600000, 0x00000000a8600000, 0x00000000a8700000|  0%| F|  |TAMS 0x00000000a8600000, 0x00000000a8600000| Untracked 
| 135|0x00000000a8700000, 0x00000000a8700000, 0x00000000a8800000|  0%| F|  |TAMS 0x00000000a8700000, 0x00000000a8700000| Untracked 
| 136|0x00000000a8800000, 0x00000000a8800000, 0x00000000a8900000|  0%| F|  |TAMS 0x00000000a8800000, 0x00000000a8800000| Untracked 
| 137|0x00000000a8900000, 0x00000000a8900000, 0x00000000a8a00000|  0%| F|  |TAMS 0x00000000a8900000, 0x00000000a8900000| Untracked 
| 138|0x00000000a8a00000, 0x00000000a8a00000, 0x00000000a8b00000|  0%| F|  |TAMS 0x00000000a8a00000, 0x00000000a8a00000| Untracked 
| 139|0x00000000a8b00000, 0x00000000a8b00000, 0x00000000a8c00000|  0%| F|  |TAMS 0x00000000a8b00000, 0x00000000a8b00000| Untracked 
| 140|0x00000000a8c00000, 0x00000000a8c00000, 0x00000000a8d00000|  0%| F|  |TAMS 0x00000000a8c00000, 0x00000000a8c00000| Untracked 
| 141|0x00000000a8d00000, 0x00000000a8d00000, 0x00000000a8e00000|  0%| F|  |TAMS 0x00000000a8d00000, 0x00000000a8d00000| Untracked 
| 142|0x00000000a8e00000, 0x00000000a8e00000, 0x00000000a8f00000|  0%| F|  |TAMS 0x00000000a8e00000, 0x00000000a8e00000| Untracked 
| 143|0x00000000a8f00000, 0x00000000a8f00000, 0x00000000a9000000|  0%| F|  |TAMS 0x00000000a8f00000, 0x00000000a8f00000| Untracked 
| 144|0x00000000a9000000, 0x00000000a9000000, 0x00000000a9100000|  0%| F|  |TAMS 0x00000000a9000000, 0x00000000a9000000| Untracked 
| 145|0x00000000a9100000, 0x00000000a9100000, 0x00000000a9200000|  0%| F|  |TAMS 0x00000000a9100000, 0x00000000a9100000| Untracked 
| 146|0x00000000a9200000, 0x00000000a9200000, 0x00000000a9300000|  0%| F|  |TAMS 0x00000000a9200000, 0x00000000a9200000| Untracked 
| 147|0x00000000a9300000, 0x00000000a9300000, 0x00000000a9400000|  0%| F|  |TAMS 0x00000000a9300000, 0x00000000a9300000| Untracked 
| 148|0x00000000a9400000, 0x00000000a9400000, 0x00000000a9500000|  0%| F|  |TAMS 0x00000000a9400000, 0x00000000a9400000| Untracked 
| 149|0x00000000a9500000, 0x00000000a9500000, 0x00000000a9600000|  0%| F|  |TAMS 0x00000000a9500000, 0x00000000a9500000| Untracked 
| 150|0x00000000a9600000, 0x00000000a9600000, 0x00000000a9700000|  0%| F|  |TAMS 0x00000000a9600000, 0x00000000a9600000| Untracked 
| 151|0x00000000a9700000, 0x00000000a9700000, 0x00000000a9800000|  0%| F|  |TAMS 0x00000000a9700000, 0x00000000a9700000| Untracked 
| 152|0x00000000a9800000, 0x00000000a9800000, 0x00000000a9900000|  0%| F|  |TAMS 0x00000000a9800000, 0x00000000a9800000| Untracked 
| 153|0x00000000a9900000, 0x00000000a9900000, 0x00000000a9a00000|  0%| F|  |TAMS 0x00000000a9900000, 0x00000000a9900000| Untracked 

Card table byte_map: [0x00000240f8520000,0x00000240f8820000] _byte_map_base: 0x00000240f8020000

Marking Bits (Prev, Next): (CMBitMap*) 0x00000240e0b0cbb8, (CMBitMap*) 0x00000240e0b0cbf0
 Prev Bits: [0x00000240f8b20000, 0x00000240fa320000)
 Next Bits: [0x00000240fa320000, 0x00000240fbb20000)

Polling page: 0x00000240de9d0000

Metaspace:

Usage:
  Non-class:    152.72 MB capacity,   146.59 MB ( 96%) used,     4.68 MB (  3%) free+waste,     1.45 MB ( <1%) overhead. 
      Class:     31.07 MB capacity,    24.96 MB ( 80%) used,     5.33 MB ( 17%) free+waste,   790.25 KB (  2%) overhead. 
       Both:    183.79 MB capacity,   171.55 MB ( 93%) used,    10.02 MB (  5%) free+waste,     2.22 MB (  1%) overhead. 

Virtual space:
  Non-class space:      156.00 MB reserved,     154.91 MB (>99%) committed 
      Class space:        1.00 GB reserved,      31.50 MB (  3%) committed 
             Both:        1.15 GB reserved,     186.41 MB ( 16%) committed 

Chunk freelists:
   Non-Class:  271.38 KB
       Class:  54.88 KB
        Both:  326.25 KB

CodeHeap 'non-profiled nmethods': size=120000Kb used=18902Kb max_used=18902Kb free=101097Kb
 bounds [0x00000240f09b0000, 0x00000240f1c30000, 0x00000240f7ee0000]
CodeHeap 'profiled nmethods': size=120000Kb used=69226Kb max_used=69226Kb free=50773Kb
 bounds [0x00000240e9480000, 0x00000240ed850000, 0x00000240f09b0000]
CodeHeap 'non-nmethods': size=5760Kb used=1587Kb max_used=1724Kb free=4172Kb
 bounds [0x00000240e8ee0000, 0x00000240e9150000, 0x00000240e9480000]
 total_blobs=37133 nmethods=26458 adapters=826
 compilation: enabled
              stopped_count=0, restarted_count=0
 full_count=0

Compilation events (10 events):
Event: 86.251 Thread 0x000002408a8a2800 nmethod 28802 0x00000240f1c04390 code [0x00000240f1c04660, 0x00000240f1c06e40]
Event: 86.251 Thread 0x000002408a8a2800 28812       4       scala.reflect.internal.Symbols$Symbol::loop$2 (159 bytes)
Event: 86.252 Thread 0x00000240fee2d800 28818       3       scala.reflect.api.Trees$Traverser::traverseParamss (40 bytes)
Event: 86.252 Thread 0x00000240fee2d800 nmethod 28818 0x00000240ed2c7690 code [0x00000240ed2c78a0, 0x00000240ed2c80b0]
Event: 86.267 Thread 0x00000240fee2d800 28820       3       scala.reflect.internal.Types$ConstantType$::unapply (12 bytes)
Event: 86.267 Thread 0x00000240fee2d800 nmethod 28820 0x00000240ed2c8310 code [0x00000240ed2c84e0, 0x00000240ed2c88f0]
Event: 86.287 Thread 0x00000240fee2d800 28822       3       xsbt.ZincCompiler::fullName (45 bytes)
Event: 86.287 Thread 0x00000240fee2d800 nmethod 28822 0x00000240ed2c8a90 code [0x00000240ed2c8cc0, 0x00000240ed2c95a0]
Event: 86.287 Thread 0x00000240fee2d800 28823       3       scala.Option::map (29 bytes)
Event: 86.288 Thread 0x00000240fee2d800 nmethod 28823 0x00000240ed2c9890 code [0x00000240ed2c9a80, 0x00000240ed2ca080]

GC Heap History (10 events):
Event: 85.479 GC heap before
{Heap before GC invocations=51 (full 0):
 garbage-first heap   total 157696K, used 136189K [0x00000000a0000000, 0x0000000100000000)
  region size 1024K, 7 young (7168K), 1 survivors (1024K)
 Metaspace       used 177156K, capacity 189940K, committed 190112K, reserved 1208320K
  class space    used 25760K, capacity 32143K, committed 32256K, reserved 1048576K
}
Event: 85.481 GC heap after
{Heap after GC invocations=52 (full 0):
 garbage-first heap   total 157696K, used 131456K [0x00000000a0000000, 0x0000000100000000)
  region size 1024K, 1 young (1024K), 1 survivors (1024K)
 Metaspace       used 177156K, capacity 189940K, committed 190112K, reserved 1208320K
  class space    used 25760K, capacity 32143K, committed 32256K, reserved 1048576K
}
Event: 85.696 GC heap before
{Heap before GC invocations=52 (full 0):
 garbage-first heap   total 157696K, used 137600K [0x00000000a0000000, 0x0000000100000000)
  region size 1024K, 7 young (7168K), 1 survivors (1024K)
 Metaspace       used 177344K, capacity 190211K, committed 190368K, reserved 1208320K
  class space    used 25769K, capacity 32157K, committed 32256K, reserved 1048576K
}
Event: 85.698 GC heap after
{Heap after GC invocations=53 (full 0):
 garbage-first heap   total 157696K, used 132002K [0x00000000a0000000, 0x0000000100000000)
  region size 1024K, 1 young (1024K), 1 survivors (1024K)
 Metaspace       used 177344K, capacity 190211K, committed 190368K, reserved 1208320K
  class space    used 25769K, capacity 32157K, committed 32256K, reserved 1048576K
}
Event: 85.789 GC heap before
{Heap before GC invocations=53 (full 0):
 garbage-first heap   total 157696K, used 138146K [0x00000000a0000000, 0x0000000100000000)
  region size 1024K, 7 young (7168K), 1 survivors (1024K)
 Metaspace       used 177388K, capacity 190221K, committed 190368K, reserved 1208320K
  class space    used 25769K, capacity 32157K, committed 32256K, reserved 1048576K
}
Event: 85.791 GC heap after
{Heap after GC invocations=54 (full 0):
 garbage-first heap   total 157696K, used 132385K [0x00000000a0000000, 0x0000000100000000)
  region size 1024K, 1 young (1024K), 1 survivors (1024K)
 Metaspace       used 177388K, capacity 190221K, committed 190368K, reserved 1208320K
  class space    used 25769K, capacity 32157K, committed 32256K, reserved 1048576K
}
Event: 86.075 GC heap before
{Heap before GC invocations=54 (full 0):
 garbage-first heap   total 157696K, used 138529K [0x00000000a0000000, 0x0000000100000000)
  region size 1024K, 7 young (7168K), 1 survivors (1024K)
 Metaspace       used 177717K, capacity 190571K, committed 190624K, reserved 1208320K
  class space    used 25831K, capacity 32245K, committed 32256K, reserved 1048576K
}
Event: 86.077 GC heap after
{Heap after GC invocations=55 (full 0):
 garbage-first heap   total 157696K, used 132603K [0x00000000a0000000, 0x0000000100000000)
  region size 1024K, 1 young (1024K), 1 survivors (1024K)
 Metaspace       used 177717K, capacity 190571K, committed 190624K, reserved 1208320K
  class space    used 25831K, capacity 32245K, committed 32256K, reserved 1048576K
}
Event: 86.296 GC heap before
{Heap before GC invocations=55 (full 0):
 garbage-first heap   total 157696K, used 138747K [0x00000000a0000000, 0x0000000100000000)
  region size 1024K, 7 young (7168K), 1 survivors (1024K)
 Metaspace       used 177735K, capacity 190578K, committed 190624K, reserved 1208320K
  class space    used 25831K, capacity 32245K, committed 32256K, reserved 1048576K
}
Event: 86.297 GC heap after
{Heap after GC invocations=56 (full 0):
 garbage-first heap   total 157696K, used 132696K [0x00000000a0000000, 0x0000000100000000)
  region size 1024K, 1 young (1024K), 1 survivors (1024K)
 Metaspace       used 177735K, capacity 190578K, committed 190624K, reserved 1208320K
  class space    used 25831K, capacity 32245K, committed 32256K, reserved 1048576K
}

Deoptimization events (10 events):
Event: 85.445 Thread 0x00000240832a9000 Uncommon trap: reason=bimorphic_or_optimized_type_check action=maybe_recompile pc=0x00000240f17fbadc method=scala.collection.immutable.ChampBaseIterator.searchNextValueNode()Z @ 78 c2
Event: 85.448 Thread 0x00000240832a9000 Uncommon trap: reason=bimorphic_or_optimized_type_check action=maybe_recompile pc=0x00000240f17fbadc method=scala.collection.immutable.ChampBaseIterator.searchNextValueNode()Z @ 78 c2
Event: 85.452 Thread 0x00000240832a9000 Uncommon trap: reason=bimorphic_or_optimized_type_check action=maybe_recompile pc=0x00000240f17fbadc method=scala.collection.immutable.ChampBaseIterator.searchNextValueNode()Z @ 78 c2
Event: 85.592 Thread 0x00000240832a9000 Uncommon trap: reason=unstable_if action=reinterpret pc=0x00000240f1b9ed00 method=java.lang.Class.getComponentType()Ljava/lang/Class; @ 4 c2
Event: 85.940 Thread 0x00000240832a9000 Uncommon trap: reason=bimorphic_or_optimized_type_check action=maybe_recompile pc=0x00000240f1b9fe60 method=xsbt.GlobalHelpers.ignoredSymbol(Lscala/reflect/internal/Symbols$Symbol;)Z @ 6 c2
Event: 85.946 Thread 0x00000240832a9000 Uncommon trap: reason=bimorphic_or_optimized_type_check action=maybe_recompile pc=0x00000240f1b9fe60 method=xsbt.GlobalHelpers.ignoredSymbol(Lscala/reflect/internal/Symbols$Symbol;)Z @ 6 c2
Event: 85.946 Thread 0x00000240832a9000 Uncommon trap: reason=bimorphic_or_optimized_type_check action=maybe_recompile pc=0x00000240f1b9fe60 method=xsbt.GlobalHelpers.ignoredSymbol(Lscala/reflect/internal/Symbols$Symbol;)Z @ 6 c2
Event: 85.946 Thread 0x00000240832a9000 Uncommon trap: reason=bimorphic_or_optimized_type_check action=maybe_recompile pc=0x00000240f1b9fe60 method=xsbt.GlobalHelpers.ignoredSymbol(Lscala/reflect/internal/Symbols$Symbol;)Z @ 6 c2
Event: 86.029 Thread 0x00000240832a9000 Uncommon trap: reason=bimorphic_or_optimized_type_check action=maybe_recompile pc=0x00000240f19b129c method=scala.reflect.internal.Symbols$ClassSymbol.owner()Lscala/reflect/internal/Symbols$Symbol; @ 11 c2
Event: 86.029 Thread 0x00000240832a9000 Uncommon trap: reason=bimorphic_or_optimized_type_check action=maybe_recompile pc=0x00000240f19b129c method=scala.reflect.internal.Symbols$ClassSymbol.owner()Lscala/reflect/internal/Symbols$Symbol; @ 11 c2

Classes redefined (0 events):
No events

Internal exceptions (10 events):
Event: 82.595 Thread 0x00000240832a9000 Exception <a 'sun/nio/fs/WindowsException'{0x00000000a991a558}> (0x00000000a991a558) thrown at [./open/src/hotspot/share/prims/jni.cpp, line 611]
Event: 82.595 Thread 0x00000240832a9000 Exception <a 'sun/nio/fs/WindowsException'{0x00000000a99200e0}> (0x00000000a99200e0) thrown at [./open/src/hotspot/share/prims/jni.cpp, line 611]
Event: 82.596 Thread 0x00000240832a9000 Exception <a 'sun/nio/fs/WindowsException'{0x00000000a9925858}> (0x00000000a9925858) thrown at [./open/src/hotspot/share/prims/jni.cpp, line 611]
Event: 82.597 Thread 0x00000240832a9000 Exception <a 'sun/nio/fs/WindowsException'{0x00000000a992afc0}> (0x00000000a992afc0) thrown at [./open/src/hotspot/share/prims/jni.cpp, line 611]
Event: 82.598 Thread 0x00000240832a9000 Exception <a 'sun/nio/fs/WindowsException'{0x00000000a9930700}> (0x00000000a9930700) thrown at [./open/src/hotspot/share/prims/jni.cpp, line 611]
Event: 82.599 Thread 0x00000240832a9000 Exception <a 'sun/nio/fs/WindowsException'{0x00000000a9935e68}> (0x00000000a9935e68) thrown at [./open/src/hotspot/share/prims/jni.cpp, line 611]
Event: 82.600 Thread 0x00000240832a9000 Exception <a 'sun/nio/fs/WindowsException'{0x00000000a993b5b8}> (0x00000000a993b5b8) thrown at [./open/src/hotspot/share/prims/jni.cpp, line 611]
Event: 82.821 Thread 0x00000240832a9000 Exception <a 'sun/nio/fs/WindowsException'{0x00000000a998b308}> (0x00000000a998b308) thrown at [./open/src/hotspot/share/prims/jni.cpp, line 611]
Event: 82.821 Thread 0x00000240832a9000 Exception <a 'sun/nio/fs/WindowsException'{0x00000000a998c3d8}> (0x00000000a998c3d8) thrown at [./open/src/hotspot/share/prims/jni.cpp, line 611]
Event: 85.932 Thread 0x00000240832a9000 Exception <a 'java/lang/NoSuchMethodError'{0x00000000a961cb38}: java.lang.invoke.DirectMethodHandle$Holder.invokeSpecial(Ljava/lang/Object;Ljava/lang/Object;JJ)Ljava/lang/Object;> (0x00000000a961cb38) thrown at [./open/src/hotspot/share/interpreter/linkRe

Events (10 events):
Event: 86.300 Thread 0x00000240832a9000 DEOPT PACKING pc=0x00000240ec433784 sp=0x00000065805fc220
Event: 86.300 Thread 0x00000240832a9000 DEOPT UNPACKING pc=0x00000240e8f1d44e sp=0x00000065805fb700 mode 1
Event: 86.306 Thread 0x00000240832a9000 DEOPT PACKING pc=0x00000240ec1143e4 sp=0x00000065805fbfb0
Event: 86.306 Thread 0x00000240832a9000 DEOPT UNPACKING pc=0x00000240e8f1d44e sp=0x00000065805fb400 mode 1
Event: 86.306 Thread 0x00000240832a9000 DEOPT PACKING pc=0x00000240eb5ff314 sp=0x00000065805fc010
Event: 86.306 Thread 0x00000240832a9000 DEOPT UNPACKING pc=0x00000240e8f1d44e sp=0x00000065805fb418 mode 1
Event: 86.306 Thread 0x00000240832a9000 DEOPT PACKING pc=0x00000240ec82b78c sp=0x00000065805fc110
Event: 86.306 Thread 0x00000240832a9000 DEOPT UNPACKING pc=0x00000240e8f1d44e sp=0x00000065805fb5e8 mode 1
Event: 86.306 Thread 0x00000240832a9000 DEOPT PACKING pc=0x00000240ec433784 sp=0x00000065805fc220
Event: 86.306 Thread 0x00000240832a9000 DEOPT UNPACKING pc=0x00000240e8f1d44e sp=0x00000065805fb700 mode 1


Dynamic libraries:
0x00007ff7327f0000 - 0x00007ff732837000 	C:\Program Files\Java\jdk-11.0.7\bin\java.exe
0x00007ffb28390000 - 0x00007ffb28571000 	C:\Windows\SYSTEM32\ntdll.dll
0x00007ffb26310000 - 0x00007ffb263c1000 	C:\Windows\System32\KERNEL32.DLL
0x00007ffb245f0000 - 0x00007ffb24863000 	C:\Windows\System32\KERNELBASE.dll
0x00007ffb25e20000 - 0x00007ffb25ec1000 	C:\Windows\System32\ADVAPI32.dll
0x00007ffb25ed0000 - 0x00007ffb25f6e000 	C:\Windows\System32\msvcrt.dll
0x00007ffb279b0000 - 0x00007ffb27a0b000 	C:\Windows\System32\sechost.dll
0x00007ffb25940000 - 0x00007ffb25a64000 	C:\Windows\System32\RPCRT4.dll
0x00007ffb25f70000 - 0x00007ffb26100000 	C:\Windows\System32\USER32.dll
0x00007ffb24a90000 - 0x00007ffb24ab0000 	C:\Windows\System32\win32u.dll
0x00007ffb27b20000 - 0x00007ffb27b48000 	C:\Windows\System32\GDI32.dll
0x00007ffb24450000 - 0x00007ffb245e1000 	C:\Windows\System32\gdi32full.dll
0x00007ffb255c0000 - 0x00007ffb2565f000 	C:\Windows\System32\msvcp_win.dll
0x00007ffb24870000 - 0x00007ffb24968000 	C:\Windows\System32\ucrtbase.dll
0x00007ffb112d0000 - 0x00007ffb11539000 	C:\Windows\WinSxS\amd64_microsoft.windows.common-controls_6595b64144ccf1df_6.0.17134.1425_none_d3fdcfc37c922690\COMCTL32.dll
0x00007ffb27fd0000 - 0x00007ffb282f1000 	C:\Windows\System32\combase.dll
0x00007ffb23fd0000 - 0x00007ffb23fda000 	C:\Windows\SYSTEM32\VERSION.dll
0x00007ffb24a10000 - 0x00007ffb24a89000 	C:\Windows\System32\bcryptPrimitives.dll
0x00007ffb27fa0000 - 0x00007ffb27fcd000 	C:\Windows\System32\IMM32.DLL
0x00007ffb1c350000 - 0x00007ffb1c366000 	C:\Program Files\Java\jdk-11.0.7\bin\vcruntime140.dll
0x00007ffb161c0000 - 0x00007ffb1626a000 	C:\Program Files\Java\jdk-11.0.7\bin\msvcp140.dll
0x00007ffaf21e0000 - 0x00007ffaf2d41000 	C:\Program Files\Java\jdk-11.0.7\bin\server\jvm.dll
0x00007ffb24970000 - 0x00007ffb24993000 	C:\Windows\System32\WINMM.dll
0x00007ffb243d0000 - 0x00007ffb243fa000 	C:\Windows\System32\WINMMBASE.dll
0x00007ffb24e60000 - 0x00007ffb24ea9000 	C:\Windows\System32\cfgmgr32.dll
0x00007ffb27a30000 - 0x00007ffb27a38000 	C:\Windows\System32\PSAPI.DLL
0x00007ffb14130000 - 0x00007ffb14139000 	C:\Windows\SYSTEM32\WSOCK32.dll
0x00007ffb25a80000 - 0x00007ffb25aec000 	C:\Windows\System32\WS2_32.dll
0x00007ffb24430000 - 0x00007ffb24441000 	C:\Windows\System32\kernel.appcore.dll
0x00007ffb1c330000 - 0x00007ffb1c341000 	C:\Program Files\Java\jdk-11.0.7\bin\verify.dll
0x00007ffb22df0000 - 0x00007ffb22fb9000 	C:\Windows\SYSTEM32\DBGHELP.DLL
0x00007ffb1c300000 - 0x00007ffb1c329000 	C:\Windows\SYSTEM32\dbgcore.DLL
0x00007ffb1c2a0000 - 0x00007ffb1c2c9000 	C:\Program Files\Java\jdk-11.0.7\bin\java.dll
0x00007ffb1f620000 - 0x00007ffb1f62a000 	C:\Program Files\Java\jdk-11.0.7\bin\jimage.dll
0x00007ffb1df80000 - 0x00007ffb1dfb8000 	C:\Program Files\Java\jdk-11.0.7\bin\jdwp.dll
0x00007ffb1c280000 - 0x00007ffb1c296000 	C:\Program Files\Java\jdk-11.0.7\bin\zip.dll
0x00007ffb264c0000 - 0x00007ffb27905000 	C:\Windows\System32\SHELL32.dll
0x00007ffb25660000 - 0x00007ffb25709000 	C:\Windows\System32\shcore.dll
0x00007ffb24eb0000 - 0x00007ffb255c0000 	C:\Windows\System32\windows.storage.dll
0x00007ffb26110000 - 0x00007ffb26161000 	C:\Windows\System32\shlwapi.dll
0x00007ffb24410000 - 0x00007ffb2442f000 	C:\Windows\System32\profapi.dll
0x00007ffb24ab0000 - 0x00007ffb24afc000 	C:\Windows\System32\powrprof.dll
0x00007ffb24400000 - 0x00007ffb2440a000 	C:\Windows\System32\FLTLIB.DLL
0x00007ffb1df70000 - 0x00007ffb1df7a000 	C:\Program Files\Java\jdk-11.0.7\bin\dt_socket.dll
0x00007ffb23bd0000 - 0x00007ffb23c36000 	C:\Windows\System32\mswsock.dll
0x00007ffb23960000 - 0x00007ffb23a1e000 	C:\Windows\SYSTEM32\DNSAPI.dll
0x00007ffb26100000 - 0x00007ffb26108000 	C:\Windows\System32\NSI.dll
0x00007ffb23920000 - 0x00007ffb23958000 	C:\Windows\SYSTEM32\IPHLPAPI.DLL
0x000000005a350000 - 0x000000005a376000 	C:\Program Files\Bonjour\mdnsNSP.dll
0x00007ffb18cc0000 - 0x00007ffb18d32000 	C:\Windows\System32\fwpuclnt.dll
0x00007ffb23eb0000 - 0x00007ffb23ed5000 	C:\Windows\SYSTEM32\bcrypt.dll
0x00007ffb18ee0000 - 0x00007ffb18eea000 	C:\Windows\System32\rasadhlp.dll
0x00007ffb1c1e0000 - 0x00007ffb1c1f9000 	C:\Program Files\Java\jdk-11.0.7\bin\net.dll
0x00007ffb1f7e0000 - 0x00007ffb1f8bd000 	C:\Windows\SYSTEM32\WINHTTP.dll
0x00007ffb16300000 - 0x00007ffb16313000 	C:\Program Files\Java\jdk-11.0.7\bin\nio.dll
0x00007ffb23d80000 - 0x00007ffb23d97000 	C:\Windows\SYSTEM32\CRYPTSP.dll
0x00007ffb23780000 - 0x00007ffb237b3000 	C:\Windows\system32\rsaenh.dll
0x00007ffb242e0000 - 0x00007ffb24308000 	C:\Windows\SYSTEM32\USERENV.dll
0x00007ffb23da0000 - 0x00007ffb23dab000 	C:\Windows\SYSTEM32\CRYPTBASE.dll
0x00007ffb19150000 - 0x00007ffb19166000 	C:\Windows\SYSTEM32\dhcpcsvc6.DLL
0x00007ffb19130000 - 0x00007ffb1914a000 	C:\Windows\SYSTEM32\dhcpcsvc.DLL
0x00007ffb20b60000 - 0x00007ffb20b6a000 	C:\Users\Administrator\AppData\Local\Temp\jansi-64-1-7587958041455093603.11
0x00007ffb1c370000 - 0x00007ffb1c379000 	C:\Program Files\Java\jdk-11.0.7\bin\management.dll
0x00007ffb1c2f0000 - 0x00007ffb1c2fc000 	C:\Program Files\Java\jdk-11.0.7\bin\management_ext.dll
0x00007ffb175d0000 - 0x00007ffb175e6000 	C:\Windows\system32\napinsp.dll
0x00007ffb16870000 - 0x00007ffb1688a000 	C:\Windows\system32\pnrpnsp.dll
0x00007ffb20940000 - 0x00007ffb20959000 	C:\Windows\system32\NLAapi.dll
0x00007ffb1e310000 - 0x00007ffb1e31e000 	C:\Windows\System32\winrnr.dll
0x00007ffb1e840000 - 0x00007ffb1e855000 	C:\Windows\System32\wshbth.dll
0x00007ffb1e030000 - 0x00007ffb1e056000 	C:\Program Files\Java\jdk-11.0.7\bin\sunec.dll
0x00007ffb1e060000 - 0x00007ffb1e06e000 	C:\Program Files\Java\jdk-11.0.7\bin\sunmscapi.dll
0x00007ffb24c70000 - 0x00007ffb24e52000 	C:\Windows\System32\CRYPT32.dll
0x00007ffb243b0000 - 0x00007ffb243c2000 	C:\Windows\System32\MSASN1.dll
0x00007ffb23e80000 - 0x00007ffb23ea6000 	C:\Windows\SYSTEM32\ncrypt.dll
0x00007ffb23e40000 - 0x00007ffb23e76000 	C:\Windows\SYSTEM32\NTASN1.dll
0x000000006fd00000 - 0x000000006fd07000 	C:\Users\Administrator\.sbt\1.0\swoval-jni\4995728133589093812-swoval-files0.dll
0x00007ffb21fa0000 - 0x00007ffb2202b000 	C:\Windows\system32\apphelp.dll
0x00007ffb20a70000 - 0x00007ffb20a7a000 	C:\Users\Administrator\AppData\Local\Temp\jansi-2.0.0-RC6-4-829195c9e338d5725cf304ae33fc209db53884eb.dll

dbghelp: loaded successfully - version: 4.0.5 - missing functions: none
symbol engine: initialized successfully - sym options: 0x614 - pdb path: .;C:\Program Files\Java\jdk-11.0.7\bin;C:\Windows\SYSTEM32;C:\Windows\WinSxS\amd64_microsoft.windows.common-controls_6595b64144ccf1df_6.0.17134.1425_none_d3fdcfc37c922690;C:\Program Files\Java\jdk-11.0.7\bin\server;C:\Program Files\Bonjour;C:\Users\Administrator\AppData\Local\Temp;C:\Users\Administrator\.sbt\1.0\swoval-jni

VM Arguments:
jvm_args: -agentlib:jdwp=transport=dt_socket,address=localhost:51741,suspend=n,server=y -Xdebug -Xmx1536M -Didea.managed=true -Dfile.encoding=UTF-8 -Didea.runid=2018.2 
java_command: D:\sbt\bin\sbt-launch.jar idea-shell
java_class_path (initial): D:\sbt\bin\sbt-launch.jar
Launcher Type: SUN_STANDARD

[Global flags]
     intx CICompilerCount                          = 4                                         {product} {ergonomic}
     uint ConcGCThreads                            = 2                                         {product} {ergonomic}
     uint G1ConcRefinementThreads                  = 8                                         {product} {ergonomic}
   size_t G1HeapRegionSize                         = 1048576                                   {product} {ergonomic}
    uintx GCDrainStackTargetSize                   = 64                                        {product} {ergonomic}
   size_t InitialHeapSize                          = 134217728                                 {product} {ergonomic}
   size_t MarkStackSize                            = 4194304                                   {product} {ergonomic}
   size_t MaxHeapSize                              = 1610612736                                {product} {command line}
   size_t MaxNewSize                               = 965738496                                 {product} {ergonomic}
   size_t MinHeapDeltaBytes                        = 1048576                                   {product} {ergonomic}
    uintx NonNMethodCodeHeapSize                   = 5836300                                {pd product} {ergonomic}
    uintx NonProfiledCodeHeapSize                  = 122910970                              {pd product} {ergonomic}
    uintx ProfiledCodeHeapSize                     = 122910970                              {pd product} {ergonomic}
    uintx ReservedCodeCacheSize                    = 251658240                              {pd product} {ergonomic}
     bool SegmentedCodeCache                       = true                                      {product} {ergonomic}
     bool UseCompressedClassPointers               = true                                 {lp64_product} {ergonomic}
     bool UseCompressedOops                        = true                                 {lp64_product} {ergonomic}
     bool UseG1GC                                  = true                                      {product} {ergonomic}
     bool UseLargePagesIndividualAllocation        = false                                  {pd product} {ergonomic}

Logging:
Log output configuration:
 #0: stdout all=warning uptime,level,tags
 #1: stderr all=off uptime,level,tags

Environment Variables:
JAVA_HOME=C:\Program Files\Java\jdk-11.0.7
CLASSPATH=.;C:\Program Files\Java\jdk-11.0.7\bin;C:\Program Files\Java\jdk-11.0.7\lib\jrt-fs.jar
PATH=C:\Windows\system32;C:\Windows;C:\Windows\System32\Wbem;C:\Windows\System32\WindowsPowerShell\v1.0\;C:\Windows\System32\OpenSSH\;C:\Program Files (x86)\Windows Kits\8.1\Windows Performance Toolkit\;C:\Program Files\Microsoft SQL Server\110\Tools\Binn\;C:\MinGW\bin\;C:\Program Files\Microsoft SQL Server\110\DTS\Binn\;C:\Program Files (x86)\Microsoft SQL Server\110\Tools\Binn\;C:\Program Files (x86)\Microsoft SQL Server\110\Tools\Binn\ManagementStudio\;C:\Program Files (x86)\Microsoft Visual Studio 10.0\Common7\IDE\PrivateAssemblies\;C:\Program Files (x86)\Microsoft SQL Server\110\DTS\Binn\;D:\Scala\bin;D:\Git\cmd;C:\Program Files\Java\jdk-11.0.7\bin;C:\Users\Administrator\AppData\Local\Microsoft\WindowsApps;
USERNAME=Administrator
OS=Windows_NT
PROCESSOR_IDENTIFIER=Intel64 Family 6 Model 94 Stepping 3, GenuineIntel



---------------  S Y S T E M  ---------------

OS: Windows 10 , 64 bit Build 17134 (10.0.17134.1425)

CPU:total 8 (initial active 8) (4 cores per cpu, 2 threads per core) family 6 model 94 stepping 3, cmov, cx8, fxsr, mmx, sse, sse2, sse3, ssse3, sse4.1, sse4.2, popcnt, avx, avx2, aes, clmul, erms, rtm, 3dnowpref, lzcnt, ht, tsc, tscinvbit, bmi1, bmi2, adx, fma

Memory: 4k page, system-wide physical 8084M (755M free)
TotalPageFile size 8084M (AvailPageFile size 95M)
current process WorkingSet (physical memory assigned to process): 650M, peak: 678M
current process commit charge ("private bytes"): 690M, peak: 765M

vm_info: Java HotSpot(TM) 64-Bit Server VM (11.0.7+8-LTS) for windows-amd64 JRE (11.0.7+8-LTS), built on Mar 12 2020 02:04:32 by "mach5one" with MS VC++ 15.5 (VS2017)

END.
